<?xml version="1.0" encoding="UTF-8"?>
<!-- Generated by org.testng.reporters.JUnitReportReporter -->
<testsuite hostname="LAPTOP-9H665UHE" failures="0" tests="2" name="com.Execution.SettingPageTest" time="15.351" errors="0" timestamp="2023-12-25T19:55:32 IST" skipped="0">
  <testcase classname="com.Execution.SettingPageTest" name="settingTest" time="3.968"/>
  <testcase classname="com.Execution.SettingPageTest" name="searchTest" time="11.383"/>
</testsuite> <!-- com.Execution.SettingPageTest -->
