<?xml version="1.0" encoding="UTF-8"?>
<!-- Generated by org.testng.reporters.JUnitReportReporter -->
<testsuite hostname="LAPTOP-9H665UHE" failures="0" tests="1" name="com.Execution.BookManagementTest" time="4.489" errors="0" timestamp="2023-12-25T21:36:12 IST" skipped="0">
  <testcase classname="com.Execution.BookManagementTest" name="Book" time="4.489"/>
</testsuite> <!-- com.Execution.BookManagementTest -->
