<?xml version="1.0" encoding="UTF-8"?>
<!-- Generated by org.testng.reporters.JUnitReportReporter -->
<testsuite hostname="LAPTOP-9H665UHE" failures="0" tests="1" name="com.Execution.Setting_FoodServiceTest" time="1.582" errors="0" timestamp="2023-12-25T21:36:12 IST" skipped="0">
  <testcase classname="com.Execution.Setting_FoodServiceTest" name="food" time="1.582"/>
</testsuite> <!-- com.Execution.Setting_FoodServiceTest -->
