<?xml version="1.0" encoding="UTF-8"?>
<!-- Generated by org.testng.reporters.JUnitReportReporter -->
<testsuite hostname="LAPTOP-9H665UHE" failures="0" tests="1" name="com.Execution.Setting_TypeOfEmpTest" time="1.909" errors="0" timestamp="2023-12-25T21:36:12 IST" skipped="0">
  <testcase classname="com.Execution.Setting_TypeOfEmpTest" name="emp" time="1.909"/>
</testsuite> <!-- com.Execution.Setting_TypeOfEmpTest -->
