<?xml version="1.0" encoding="UTF-8"?>
<!-- Generated by org.testng.reporters.JUnitReportReporter -->
<testsuite hostname="LAPTOP-9H665UHE" failures="0" tests="1" name="com.Execution.LoginPageTest" time="1.988" errors="0" timestamp="2023-12-25T20:38:31 IST" skipped="0">
  <testcase classname="com.Execution.LoginPageTest" name="logging" time="1.988"/>
</testsuite> <!-- com.Execution.LoginPageTest -->
