<?xml version="1.0" encoding="UTF-8"?>
<!-- Generated by org.testng.reporters.JUnitReportReporter -->
<testsuite hostname="LAPTOP-9H665UHE" failures="0" tests="2" name="com.Execution.Setting_TypeOfRoomsPageTest" time="16.414" errors="0" timestamp="2023-12-25T20:38:31 IST" skipped="0">
  <testcase classname="com.Execution.Setting_TypeOfRoomsPageTest" name="settingTest" time="4.195"/>
  <testcase classname="com.Execution.Setting_TypeOfRoomsPageTest" name="searchTest" time="12.219"/>
</testsuite> <!-- com.Execution.Setting_TypeOfRoomsPageTest -->
