<?xml version="1.0" encoding="UTF-8"?>
<!-- Generated by org.testng.reporters.JUnitReportReporter -->
<testsuite hostname="LAPTOP-9H665UHE" failures="0" tests="1" name="com.Execution.SamplePage" time="0.639" errors="0" timestamp="2023-12-20T15:03:15 IST" skipped="0">
  <testcase classname="com.Execution.SamplePage" name="name" time="0.639"/>
</testsuite> <!-- com.Execution.SamplePage -->
